Flow report for fib1
Wed Apr 16 13:27:59 2014
Quartus II 64-Bit Version 13.1.0 Build 162 10/23/2013 SJ Web Edition


---------------------
; Table of Contents ;
---------------------
  1. Legal Notice
  2. Flow Summary
  3. Flow Settings
  4. Flow Non-Default Global Settings
  5. Flow Elapsed Time
  6. Flow OS Summary
  7. Flow Log
  8. Flow Messages
  9. Flow Suppressed Messages



----------------
; Legal Notice ;
----------------
Copyright (C) 1991-2013 Altera Corporation
Your use of Altera Corporation's design tools, logic functions 
and other software and tools, and its AMPP partner logic 
functions, and any output files from any of the foregoing 
(including device programming or simulation files), and any 
associated documentation or information are expressly subject 
to the terms and conditions of the Altera Program License 
Subscription Agreement, Altera MegaCore Function License 
Agreement, or other applicable license agreement, including, 
without limitation, that your use is for the sole purpose of 
programming logic devices manufactured by Altera and sold by 
Altera or its authorized distributors.  Please refer to the 
applicable agreement for further details.



+--------------------------------------------------------------------------------+
; Flow Summary                                                                   ;
+-----------------------------------+--------------------------------------------+
; Flow Status                       ; Successful - Wed Apr 16 13:27:44 2014      ;
; Quartus II 64-Bit Version         ; 13.1.0 Build 162 10/23/2013 SJ Web Edition ;
; Revision Name                     ; fib1                                       ;
; Top-level Entity Name             ; fibonacci_calculator                       ;
; Family                            ; Arria II GX                                ;
; Device                            ; EP2AGX45DF29I5                             ;
; Timing Models                     ; Final                                      ;
; Logic utilization                 ; < 1 %                                      ;
;     Combinational ALUTs           ; 30 / 36,100 ( < 1 % )                      ;
;     Memory ALUTs                  ; 0 / 18,050 ( 0 % )                         ;
;     Dedicated logic registers     ; 37 / 36,100 ( < 1 % )                      ;
; Total registers                   ; 37                                         ;
; Total pins                        ; 25 / 404 ( 6 % )                           ;
; Total virtual pins                ; 0                                          ;
; Total block memory bits           ; 0 / 2,939,904 ( 0 % )                      ;
; DSP block 18-bit elements         ; 0 / 232 ( 0 % )                            ;
; Total GXB Receiver Channel PCS    ; 0 / 8 ( 0 % )                              ;
; Total GXB Receiver Channel PMA    ; 0 / 8 ( 0 % )                              ;
; Total GXB Transmitter Channel PCS ; 0 / 8 ( 0 % )                              ;
; Total GXB Transmitter Channel PMA ; 0 / 8 ( 0 % )                              ;
; Total PLLs                        ; 0 / 4 ( 0 % )                              ;
; Total DLLs                        ; 0 / 2 ( 0 % )                              ;
+-----------------------------------+--------------------------------------------+


+-----------------------------------------+
; Flow Settings                           ;
+-------------------+---------------------+
; Option            ; Setting             ;
+-------------------+---------------------+
; Start date & time ; 04/16/2014 13:26:49 ;
; Main task         ; Compilation         ;
; Revision Name     ; fib1                ;
+-------------------+---------------------+


+----------------------------------------------------------------------------------------------------------------------------------------------+
; Flow Non-Default Global Settings                                                                                                             ;
+----------------------------------------------+---------------------------------------+---------------+----------------------+----------------+
; Assignment Name                              ; Value                                 ; Default Value ; Entity Name          ; Section Id     ;
+----------------------------------------------+---------------------------------------+---------------+----------------------+----------------+
; ADV_NETLIST_OPT_SYNTH_WYSIWYG_REMAP          ; On                                    ; Off           ; --                   ; --             ;
; AUTO_PACKED_REGISTERS_STRATIXII              ; Normal                                ; Auto          ; --                   ; --             ;
; COMPILER_SIGNATURE_ID                        ; 220964043040119.139768000905484       ; --            ; --                   ; --             ;
; EDA_OUTPUT_DATA_FORMAT                       ; Verilog Hdl                           ; --            ; --                   ; eda_simulation ;
; EDA_SIMULATION_TOOL                          ; ModelSim-Altera (Verilog)             ; <None>        ; --                   ; --             ;
; ENABLE_DRC_SETTINGS                          ; On                                    ; Off           ; --                   ; --             ;
; FITTER_EFFORT                                ; Standard Fit                          ; Auto Fit      ; --                   ; --             ;
; MAX_CORE_JUNCTION_TEMP                       ; 100                                   ; --            ; --                   ; --             ;
; MIN_CORE_JUNCTION_TEMP                       ; -40                                   ; --            ; --                   ; --             ;
; MUX_RESTRUCTURE                              ; Off                                   ; Auto          ; --                   ; --             ;
; OPTIMIZATION_TECHNIQUE                       ; Speed                                 ; Balanced      ; --                   ; --             ;
; PARTITION_COLOR                              ; 16764057                              ; --            ; fibonacci_calculator ; Top            ;
; PARTITION_FITTER_PRESERVATION_LEVEL          ; PLACEMENT_AND_ROUTING                 ; --            ; fibonacci_calculator ; Top            ;
; PARTITION_NETLIST_TYPE                       ; SOURCE                                ; --            ; fibonacci_calculator ; Top            ;
; PHYSICAL_SYNTHESIS_COMBO_LOGIC               ; On                                    ; Off           ; --                   ; --             ;
; PHYSICAL_SYNTHESIS_REGISTER_DUPLICATION      ; On                                    ; Off           ; --                   ; --             ;
; PHYSICAL_SYNTHESIS_REGISTER_RETIMING         ; On                                    ; Off           ; --                   ; --             ;
; POWER_BOARD_THERMAL_MODEL                    ; None (CONSERVATIVE)                   ; --            ; --                   ; --             ;
; POWER_PRESET_COOLING_SOLUTION                ; 23 MM HEAT SINK WITH 200 LFPM AIRFLOW ; --            ; --                   ; --             ;
; PROJECT_OUTPUT_DIRECTORY                     ; output_files                          ; --            ; --                   ; --             ;
; ROUTER_CLOCKING_TOPOLOGY_ANALYSIS            ; On                                    ; Off           ; --                   ; --             ;
; ROUTER_LCELL_INSERTION_AND_LOGIC_DUPLICATION ; On                                    ; Auto          ; --                   ; --             ;
; ROUTER_TIMING_OPTIMIZATION_LEVEL             ; MAXIMUM                               ; Normal        ; --                   ; --             ;
; SMART_RECOMPILE                              ; On                                    ; Off           ; --                   ; --             ;
; TOP_LEVEL_ENTITY                             ; fibonacci_calculator                  ; fib1          ; --                   ; --             ;
+----------------------------------------------+---------------------------------------+---------------+----------------------+----------------+


+-------------------------------------------------------------------------------------------------------------------------------+
; Flow Elapsed Time                                                                                                             ;
+---------------------------+--------------+-------------------------+---------------------+------------------------------------+
; Module Name               ; Elapsed Time ; Average Processors Used ; Peak Virtual Memory ; Total CPU Time (on all processors) ;
+---------------------------+--------------+-------------------------+---------------------+------------------------------------+
; Analysis & Synthesis      ; 00:00:06     ; 1.0                     ; 627 MB              ; 00:00:06                           ;
; Fitter                    ; 00:00:47     ; 1.0                     ; 1057 MB             ; 00:00:47                           ;
; TimeQuest Timing Analyzer ; 00:00:10     ; 1.0                     ; 607 MB              ; 00:00:10                           ;
; Total                     ; 00:01:03     ; --                      ; --                  ; 00:01:03                           ;
+---------------------------+--------------+-------------------------+---------------------+------------------------------------+


+----------------------------------------------------------------------------------------+
; Flow OS Summary                                                                        ;
+---------------------------+------------------+-----------+------------+----------------+
; Module Name               ; Machine Hostname ; OS Name   ; OS Version ; Processor type ;
+---------------------------+------------------+-----------+------------+----------------+
; Analysis & Synthesis      ; Richard          ; Windows 7 ; 6.2        ; x86_64         ;
; Fitter                    ; Richard          ; Windows 7 ; 6.2        ; x86_64         ;
; TimeQuest Timing Analyzer ; Richard          ; Windows 7 ; 6.2        ; x86_64         ;
+---------------------------+------------------+-----------+------------+----------------+


------------
; Flow Log ;
------------
quartus_map --read_settings_files=on --write_settings_files=off fib1 -c fib1
quartus_fit --read_settings_files=off --write_settings_files=off fib1 -c fib1
quartus_sta fib1 -c fib1



